<?xml version="1.0" encoding="UTF-8"?>
<coverage generated="1739096774647" clover="3.2.0">
  <project timestamp="1739096774647" name="All files">
    <metrics statements="145" coveredstatements="141" conditionals="16" coveredconditionals="12" methods="36" coveredmethods="34" elements="197" coveredelements="187" complexity="0" loc="145" ncloc="145" packages="5" files="15" classes="15"/>
    <package name="src">
      <metrics statements="15" coveredstatements="15" conditionals="2" coveredconditionals="2" methods="1" coveredmethods="1"/>
      <file name="app.module.ts" path="/home/maverick/Bureau/realtime-elo-ranker/apps/realtime-elo-ranker-server/src/app.module.ts">
        <metrics statements="9" coveredstatements="9" conditionals="0" coveredconditionals="0" methods="0" coveredmethods="0"/>
        <line num="1" count="2" type="stmt"/>
        <line num="2" count="2" type="stmt"/>
        <line num="3" count="2" type="stmt"/>
        <line num="4" count="2" type="stmt"/>
        <line num="5" count="2" type="stmt"/>
        <line num="6" count="2" type="stmt"/>
        <line num="7" count="2" type="stmt"/>
        <line num="8" count="2" type="stmt"/>
        <line num="20" count="2" type="stmt"/>
      </file>
      <file name="main.ts" path="/home/maverick/Bureau/realtime-elo-ranker/apps/realtime-elo-ranker-server/src/main.ts">
        <metrics statements="6" coveredstatements="6" conditionals="2" coveredconditionals="2" methods="1" coveredmethods="1"/>
        <line num="1" count="1" type="stmt"/>
        <line num="2" count="1" type="stmt"/>
        <line num="5" count="1" type="stmt"/>
        <line num="6" count="1" type="stmt"/>
        <line num="7" count="1" type="cond" truecount="2" falsecount="0"/>
        <line num="9" count="1" type="stmt"/>
      </file>
    </package>
    <package name="src.event-emitter">
      <metrics statements="11" coveredstatements="11" conditionals="0" coveredconditionals="0" methods="3" coveredmethods="3"/>
      <file name="event-emitter.controller.ts" path="/home/maverick/Bureau/realtime-elo-ranker/apps/realtime-elo-ranker-server/src/event-emitter/event-emitter.controller.ts">
        <metrics statements="2" coveredstatements="2" conditionals="0" coveredconditionals="0" methods="0" coveredmethods="0"/>
        <line num="1" count="3" type="stmt"/>
        <line num="4" count="3" type="stmt"/>
      </file>
      <file name="event-emitter.module.ts" path="/home/maverick/Bureau/realtime-elo-ranker/apps/realtime-elo-ranker-server/src/event-emitter/event-emitter.module.ts">
        <metrics statements="3" coveredstatements="3" conditionals="0" coveredconditionals="0" methods="0" coveredmethods="0"/>
        <line num="1" count="6" type="stmt"/>
        <line num="2" count="6" type="stmt"/>
        <line num="8" count="6" type="stmt"/>
      </file>
      <file name="event-emitter.service.ts" path="/home/maverick/Bureau/realtime-elo-ranker/apps/realtime-elo-ranker-server/src/event-emitter/event-emitter.service.ts">
        <metrics statements="6" coveredstatements="6" conditionals="0" coveredconditionals="0" methods="3" coveredmethods="3"/>
        <line num="1" count="13" type="stmt"/>
        <line num="2" count="13" type="stmt"/>
        <line num="5" count="13" type="stmt"/>
        <line num="9" count="37" type="stmt"/>
        <line num="13" count="4" type="stmt"/>
        <line num="17" count="2" type="stmt"/>
      </file>
    </package>
    <package name="src.match">
      <metrics statements="19" coveredstatements="18" conditionals="0" coveredconditionals="0" methods="6" coveredmethods="5"/>
      <file name="match.controller.ts" path="/home/maverick/Bureau/realtime-elo-ranker/apps/realtime-elo-ranker-server/src/match/match.controller.ts">
        <metrics statements="8" coveredstatements="7" conditionals="0" coveredconditionals="0" methods="4" coveredmethods="3"/>
        <line num="1" count="4" type="stmt"/>
        <line num="3" count="4" type="stmt"/>
        <line num="6" count="4" type="stmt"/>
        <line num="7" count="16" type="stmt"/>
        <line num="10" count="4" type="stmt"/>
        <line num="11" count="1" type="stmt"/>
        <line num="12" count="1" type="stmt"/>
        <line num="13" count="0" type="stmt"/>
      </file>
      <file name="match.module.ts" path="/home/maverick/Bureau/realtime-elo-ranker/apps/realtime-elo-ranker-server/src/match/match.module.ts">
        <metrics statements="6" coveredstatements="6" conditionals="0" coveredconditionals="0" methods="0" coveredmethods="0"/>
        <line num="1" count="3" type="stmt"/>
        <line num="2" count="3" type="stmt"/>
        <line num="3" count="3" type="stmt"/>
        <line num="4" count="3" type="stmt"/>
        <line num="5" count="3" type="stmt"/>
        <line num="12" count="3" type="stmt"/>
      </file>
      <file name="match.service.ts" path="/home/maverick/Bureau/realtime-elo-ranker/apps/realtime-elo-ranker-server/src/match/match.service.ts">
        <metrics statements="5" coveredstatements="5" conditionals="0" coveredconditionals="0" methods="2" coveredmethods="2"/>
        <line num="1" count="5" type="stmt"/>
        <line num="3" count="5" type="stmt"/>
        <line num="12" count="5" type="stmt"/>
        <line num="14" count="17" type="stmt"/>
        <line num="18" count="2" type="stmt"/>
      </file>
    </package>
    <package name="src.player">
      <metrics statements="49" coveredstatements="46" conditionals="5" coveredconditionals="3" methods="16" coveredmethods="15"/>
      <file name="player.controller.ts" path="/home/maverick/Bureau/realtime-elo-ranker/apps/realtime-elo-ranker-server/src/player/player.controller.ts">
        <metrics statements="11" coveredstatements="9" conditionals="2" coveredconditionals="0" methods="3" coveredmethods="3"/>
        <line num="1" count="6" type="stmt"/>
        <line num="3" count="6" type="stmt"/>
        <line num="6" count="6" type="stmt"/>
        <line num="7" count="24" type="stmt"/>
        <line num="10" count="6" type="stmt"/>
        <line num="11" count="1" type="cond" truecount="0" falsecount="1"/>
        <line num="12" count="0" type="stmt"/>
        <line num="18" count="1" type="stmt"/>
        <line num="20" count="1" type="cond" truecount="0" falsecount="1"/>
        <line num="21" count="0" type="stmt"/>
        <line num="26" count="1" type="stmt"/>
      </file>
      <file name="player.entity.ts" path="/home/maverick/Bureau/realtime-elo-ranker/apps/realtime-elo-ranker-server/src/player/player.entity.ts">
        <metrics statements="5" coveredstatements="5" conditionals="0" coveredconditionals="0" methods="0" coveredmethods="0"/>
        <line num="1" count="11" type="stmt"/>
        <line num="4" count="11" type="stmt"/>
        <line num="6" count="11" type="stmt"/>
        <line num="9" count="11" type="stmt"/>
        <line num="12" count="11" type="stmt"/>
      </file>
      <file name="player.module.ts" path="/home/maverick/Bureau/realtime-elo-ranker/apps/realtime-elo-ranker-server/src/player/player.module.ts">
        <metrics statements="7" coveredstatements="7" conditionals="0" coveredconditionals="0" methods="0" coveredmethods="0"/>
        <line num="2" count="5" type="stmt"/>
        <line num="3" count="5" type="stmt"/>
        <line num="4" count="5" type="stmt"/>
        <line num="5" count="5" type="stmt"/>
        <line num="6" count="5" type="stmt"/>
        <line num="7" count="5" type="stmt"/>
        <line num="15" count="5" type="stmt"/>
      </file>
      <file name="player.service.ts" path="/home/maverick/Bureau/realtime-elo-ranker/apps/realtime-elo-ranker-server/src/player/player.service.ts">
        <metrics statements="26" coveredstatements="25" conditionals="3" coveredconditionals="3" methods="13" coveredmethods="12"/>
        <line num="1" count="11" type="stmt"/>
        <line num="2" count="11" type="stmt"/>
        <line num="3" count="11" type="stmt"/>
        <line num="4" count="11" type="stmt"/>
        <line num="5" count="11" type="stmt"/>
        <line num="13" count="11" type="stmt"/>
        <line num="14" count="32" type="stmt"/>
        <line num="17" count="32" type="stmt"/>
        <line num="18" count="32" type="stmt"/>
        <line num="20" count="32" type="stmt"/>
        <line num="24" count="45" type="stmt"/>
        <line num="25" count="45" type="stmt"/>
        <line num="26" count="60" type="stmt"/>
        <line num="28" count="0" type="stmt"/>
        <line num="33" count="3" type="cond" truecount="1" falsecount="0"/>
        <line num="34" count="1" type="stmt"/>
        <line num="38" count="2" type="cond" truecount="2" falsecount="0"/>
        <line num="39" count="2" type="stmt"/>
        <line num="43" count="2" type="stmt"/>
        <line num="44" count="2" type="stmt"/>
        <line num="47" count="2" type="stmt"/>
        <line num="52" count="2" type="stmt"/>
        <line num="54" count="2" type="stmt"/>
        <line num="55" count="2" type="stmt"/>
        <line num="60" count="2" type="stmt"/>
        <line num="64" count="6" type="stmt"/>
      </file>
    </package>
    <package name="src.ranking">
      <metrics statements="51" coveredstatements="51" conditionals="9" coveredconditionals="7" methods="10" coveredmethods="10"/>
      <file name="ranking.controller.ts" path="/home/maverick/Bureau/realtime-elo-ranker/apps/realtime-elo-ranker-server/src/ranking/ranking.controller.ts">
        <metrics statements="12" coveredstatements="12" conditionals="0" coveredconditionals="0" methods="4" coveredmethods="4"/>
        <line num="1" count="5" type="stmt"/>
        <line num="3" count="5" type="stmt"/>
        <line num="4" count="5" type="stmt"/>
        <line num="5" count="5" type="stmt"/>
        <line num="8" count="5" type="stmt"/>
        <line num="9" count="22" type="stmt"/>
        <line num="12" count="5" type="stmt"/>
        <line num="13" count="1" type="stmt"/>
        <line num="14" count="1" type="stmt"/>
        <line num="18" count="5" type="stmt"/>
        <line num="19" count="1" type="stmt"/>
        <line num="21" count="1" type="stmt"/>
      </file>
      <file name="ranking.module.ts" path="/home/maverick/Bureau/realtime-elo-ranker/apps/realtime-elo-ranker-server/src/ranking/ranking.module.ts">
        <metrics statements="8" coveredstatements="8" conditionals="0" coveredconditionals="0" methods="0" coveredmethods="0"/>
        <line num="1" count="4" type="stmt"/>
        <line num="2" count="4" type="stmt"/>
        <line num="3" count="4" type="stmt"/>
        <line num="4" count="4" type="stmt"/>
        <line num="5" count="4" type="stmt"/>
        <line num="6" count="4" type="stmt"/>
        <line num="7" count="4" type="stmt"/>
        <line num="15" count="4" type="stmt"/>
      </file>
      <file name="ranking.service.ts" path="/home/maverick/Bureau/realtime-elo-ranker/apps/realtime-elo-ranker-server/src/ranking/ranking.service.ts">
        <metrics statements="31" coveredstatements="31" conditionals="9" coveredconditionals="7" methods="6" coveredmethods="6"/>
        <line num="1" count="7" type="stmt"/>
        <line num="2" count="7" type="stmt"/>
        <line num="4" count="7" type="stmt"/>
        <line num="5" count="7" type="stmt"/>
        <line num="6" count="7" type="stmt"/>
        <line num="7" count="7" type="stmt"/>
        <line num="10" count="7" type="stmt"/>
        <line num="11" count="22" type="stmt"/>
        <line num="13" count="22" type="stmt"/>
        <line num="14" count="22" type="stmt"/>
        <line num="20" count="1" type="stmt"/>
        <line num="28" count="2" type="stmt"/>
        <line num="32" count="2" type="stmt"/>
        <line num="37" count="2" type="cond" truecount="3" falsecount="0"/>
        <line num="38" count="1" type="stmt"/>
        <line num="41" count="1" type="stmt"/>
        <line num="42" count="1" type="stmt"/>
        <line num="43" count="1" type="cond" truecount="1" falsecount="1"/>
        <line num="44" count="1" type="cond" truecount="1" falsecount="1"/>
        <line num="47" count="1" type="stmt"/>
        <line num="48" count="1" type="stmt"/>
        <line num="51" count="1" type="stmt"/>
        <line num="56" count="1" type="stmt"/>
        <line num="57" count="1" type="stmt"/>
        <line num="58" count="1" type="cond" truecount="1" falsecount="0"/>
        <line num="59" count="1" type="stmt"/>
        <line num="61" count="1" type="cond" truecount="1" falsecount="0"/>
        <line num="62" count="1" type="stmt"/>
        <line num="66" count="1" type="stmt"/>
        <line num="67" count="1" type="stmt"/>
        <line num="69" count="1" type="stmt"/>
      </file>
    </package>
  </project>
</coverage>
