{"/home/maverick/Bureau/realtime-elo-ranker/apps/realtime-elo-ranker-server/src/app.module.ts": {"path":"/home/maverick/Bureau/realtime-elo-ranker/apps/realtime-elo-ranker-server/src/app.module.ts","statementMap":{"0":{"start":{"line":1,"column":0},"end":{"line":1,"column":40}},"1":{"start":{"line":2,"column":0},"end":{"line":2,"column":48}},"2":{"start":{"line":3,"column":0},"end":{"line":3,"column":54}},"3":{"start":{"line":4,"column":0},"end":{"line":4,"column":51}},"4":{"start":{"line":5,"column":0},"end":{"line":5,"column":57}},"5":{"start":{"line":6,"column":0},"end":{"line":6,"column":76}},"6":{"start":{"line":7,"column":0},"end":{"line":7,"column":82}},"7":{"start":{"line":8,"column":0},"end":{"line":8,"column":74}},"8":{"start":{"line":20,"column":7},"end":{"line":20,"column":null}},"9":{"start":{"line":20,"column":13},"end":{"line":20,"column":22}},"10":{"start":{"line":20,"column":13},"end":{"line":20,"column":null}}},"fnMap":{},"branchMap":{},"s":{"0":2,"1":2,"2":2,"3":2,"4":2,"5":2,"6":2,"7":2,"8":2,"9":2,"10":2},"f":{},"b":{}}
,"/home/maverick/Bureau/realtime-elo-ranker/apps/realtime-elo-ranker-server/src/main.ts": {"path":"/home/maverick/Bureau/realtime-elo-ranker/apps/realtime-elo-ranker-server/src/main.ts","statementMap":{"0":{"start":{"line":1,"column":0},"end":{"line":1,"column":43}},"1":{"start":{"line":2,"column":0},"end":{"line":2,"column":41}},"2":{"start":{"line":5,"column":14},"end":{"line":5,"column":49}},"3":{"start":{"line":6,"column":2},"end":{"line":6,"column":19}},"4":{"start":{"line":7,"column":2},"end":{"line":7,"column":45}},"5":{"start":{"line":9,"column":0},"end":{"line":9,"column":12}}},"fnMap":{"0":{"name":"bootstrap","decl":{"start":{"line":4,"column":15},"end":{"line":4,"column":24}},"loc":{"start":{"line":4,"column":24},"end":{"line":8,"column":1}}}},"branchMap":{"0":{"loc":{"start":{"line":7,"column":19},"end":{"line":7,"column":43}},"type":"binary-expr","locations":[{"start":{"line":7,"column":19},"end":{"line":7,"column":35}},{"start":{"line":7,"column":39},"end":{"line":7,"column":43}}]}},"s":{"0":1,"1":1,"2":1,"3":1,"4":1,"5":1},"f":{"0":1},"b":{"0":[1,1]}}
,"/home/maverick/Bureau/realtime-elo-ranker/apps/realtime-elo-ranker-server/src/event-emitter/event-emitter.controller.ts": {"path":"/home/maverick/Bureau/realtime-elo-ranker/apps/realtime-elo-ranker-server/src/event-emitter/event-emitter.controller.ts","statementMap":{"0":{"start":{"line":1,"column":0},"end":{"line":1,"column":44}},"1":{"start":{"line":4,"column":7},"end":{"line":4,"column":null}},"2":{"start":{"line":4,"column":13},"end":{"line":4,"column":35}},"3":{"start":{"line":4,"column":13},"end":{"line":4,"column":null}}},"fnMap":{},"branchMap":{},"s":{"0":3,"1":3,"2":3,"3":3},"f":{},"b":{}}
,"/home/maverick/Bureau/realtime-elo-ranker/apps/realtime-elo-ranker-server/src/event-emitter/event-emitter.module.ts": {"path":"/home/maverick/Bureau/realtime-elo-ranker/apps/realtime-elo-ranker-server/src/event-emitter/event-emitter.module.ts","statementMap":{"0":{"start":{"line":1,"column":0},"end":{"line":1,"column":40}},"1":{"start":{"line":2,"column":0},"end":{"line":2,"column":62}},"2":{"start":{"line":8,"column":7},"end":{"line":8,"column":null}},"3":{"start":{"line":8,"column":13},"end":{"line":8,"column":31}},"4":{"start":{"line":8,"column":13},"end":{"line":8,"column":null}}},"fnMap":{},"branchMap":{},"s":{"0":6,"1":6,"2":6,"3":6,"4":6},"f":{},"b":{}}
,"/home/maverick/Bureau/realtime-elo-ranker/apps/realtime-elo-ranker-server/src/event-emitter/event-emitter.service.ts": {"path":"/home/maverick/Bureau/realtime-elo-ranker/apps/realtime-elo-ranker-server/src/event-emitter/event-emitter.service.ts","statementMap":{"0":{"start":{"line":1,"column":0},"end":{"line":1,"column":44}},"1":{"start":{"line":2,"column":0},"end":{"line":2,"column":46}},"2":{"start":{"line":5,"column":7},"end":{"line":19,"column":null}},"3":{"start":{"line":9,"column":4},"end":{"line":9,"column":44}},"4":{"start":{"line":13,"column":4},"end":{"line":13,"column":29}},"5":{"start":{"line":17,"column":4},"end":{"line":17,"column":50}},"6":{"start":{"line":5,"column":13},"end":{"line":5,"column":32}},"7":{"start":{"line":5,"column":13},"end":{"line":19,"column":null}}},"fnMap":{"0":{"name":"(anonymous_2)","decl":{"start":{"line":8,"column":2},"end":{"line":8,"column":null}},"loc":{"start":{"line":8,"column":2},"end":{"line":10,"column":3}}},"1":{"name":"(anonymous_3)","decl":{"start":{"line":12,"column":2},"end":{"line":12,"column":12}},"loc":{"start":{"line":12,"column":12},"end":{"line":14,"column":3}}},"2":{"name":"(anonymous_4)","decl":{"start":{"line":16,"column":2},"end":{"line":16,"column":6}},"loc":{"start":{"line":16,"column":34},"end":{"line":18,"column":3}}}},"branchMap":{},"s":{"0":13,"1":13,"2":13,"3":37,"4":4,"5":2,"6":13,"7":13},"f":{"0":37,"1":4,"2":2},"b":{}}
,"/home/maverick/Bureau/realtime-elo-ranker/apps/realtime-elo-ranker-server/src/match/match.controller.ts": {"path":"/home/maverick/Bureau/realtime-elo-ranker/apps/realtime-elo-ranker-server/src/match/match.controller.ts","statementMap":{"0":{"start":{"line":1,"column":0},"end":{"line":1,"column":73}},"1":{"start":{"line":3,"column":0},"end":{"line":3,"column":60}},"2":{"start":{"line":6,"column":7},"end":{"line":18,"column":null}},"3":{"start":{"line":7,"column":31},"end":{"line":7,"column":45}},"4":{"start":{"line":11,"column":4},"end":{"line":16,"column":10}},"5":{"start":{"line":12,"column":24},"end":{"line":12,"column":62}},"6":{"start":{"line":13,"column":19},"end":{"line":16,"column":8}},"7":{"start":{"line":6,"column":13},"end":{"line":6,"column":28}},"8":{"start":{"line":10,"column":2},"end":{"line":17,"column":null}},"9":{"start":{"line":6,"column":13},"end":{"line":18,"column":null}}},"fnMap":{"0":{"name":"(anonymous_4)","decl":{"start":{"line":7,"column":2},"end":{"line":7,"column":31}},"loc":{"start":{"line":7,"column":57},"end":{"line":7,"column":61}}},"1":{"name":"(anonymous_5)","decl":{"start":{"line":10,"column":2},"end":{"line":10,"column":13}},"loc":{"start":{"line":10,"column":62},"end":{"line":17,"column":3}}},"2":{"name":"(anonymous_6)","decl":{"start":{"line":12,"column":12},"end":{"line":12,"column":13}},"loc":{"start":{"line":12,"column":24},"end":{"line":12,"column":62}}},"3":{"name":"(anonymous_7)","decl":{"start":{"line":13,"column":13},"end":{"line":13,"column":16}},"loc":{"start":{"line":13,"column":19},"end":{"line":16,"column":8}}}},"branchMap":{},"s":{"0":4,"1":4,"2":4,"3":16,"4":1,"5":1,"6":0,"7":4,"8":4,"9":4},"f":{"0":16,"1":1,"2":1,"3":0},"b":{}}
,"/home/maverick/Bureau/realtime-elo-ranker/apps/realtime-elo-ranker-server/src/match/match.module.ts": {"path":"/home/maverick/Bureau/realtime-elo-ranker/apps/realtime-elo-ranker-server/src/match/match.module.ts","statementMap":{"0":{"start":{"line":1,"column":0},"end":{"line":1,"column":40}},"1":{"start":{"line":2,"column":0},"end":{"line":2,"column":47}},"2":{"start":{"line":3,"column":0},"end":{"line":3,"column":53}},"3":{"start":{"line":4,"column":0},"end":{"line":4,"column":55}},"4":{"start":{"line":5,"column":0},"end":{"line":5,"column":58}},"5":{"start":{"line":12,"column":7},"end":{"line":12,"column":null}},"6":{"start":{"line":12,"column":13},"end":{"line":12,"column":24}},"7":{"start":{"line":12,"column":13},"end":{"line":12,"column":null}}},"fnMap":{},"branchMap":{},"s":{"0":3,"1":3,"2":3,"3":3,"4":3,"5":3,"6":3,"7":3},"f":{},"b":{}}
,"/home/maverick/Bureau/realtime-elo-ranker/apps/realtime-elo-ranker-server/src/match/match.service.ts": {"path":"/home/maverick/Bureau/realtime-elo-ranker/apps/realtime-elo-ranker-server/src/match/match.service.ts","statementMap":{"0":{"start":{"line":1,"column":0},"end":{"line":1,"column":44}},"1":{"start":{"line":3,"column":0},"end":{"line":3,"column":60}},"2":{"start":{"line":12,"column":7},"end":{"line":20,"column":null}},"3":{"start":{"line":14,"column":21},"end":{"line":14,"column":37}},"4":{"start":{"line":18,"column":4},"end":{"line":18,"column":52}},"5":{"start":{"line":12,"column":13},"end":{"line":12,"column":25}},"6":{"start":{"line":12,"column":13},"end":{"line":20,"column":null}}},"fnMap":{"0":{"name":"(anonymous_2)","decl":{"start":{"line":13,"column":2},"end":{"line":13,"column":null}},"loc":{"start":{"line":14,"column":51},"end":{"line":15,"column":6}}},"1":{"name":"(anonymous_3)","decl":{"start":{"line":17,"column":2},"end":{"line":17,"column":14}},"loc":{"start":{"line":17,"column":33},"end":{"line":19,"column":3}}}},"branchMap":{},"s":{"0":5,"1":5,"2":5,"3":17,"4":2,"5":5,"6":5},"f":{"0":17,"1":2},"b":{}}
,"/home/maverick/Bureau/realtime-elo-ranker/apps/realtime-elo-ranker-server/src/player/player.controller.ts": {"path":"/home/maverick/Bureau/realtime-elo-ranker/apps/realtime-elo-ranker-server/src/player/player.controller.ts","statementMap":{"0":{"start":{"line":1,"column":0},"end":{"line":1,"column":73}},"1":{"start":{"line":3,"column":0},"end":{"line":3,"column":49}},"2":{"start":{"line":6,"column":7},"end":{"line":29,"column":null}},"3":{"start":{"line":7,"column":31},"end":{"line":7,"column":46}},"4":{"start":{"line":11,"column":4},"end":{"line":16,"column":5}},"5":{"start":{"line":12,"column":6},"end":{"line":15,"column":9}},"6":{"start":{"line":18,"column":4},"end":{"line":27,"column":9}},"7":{"start":{"line":20,"column":8},"end":{"line":25,"column":9}},"8":{"start":{"line":21,"column":10},"end":{"line":24,"column":13}},"9":{"start":{"line":26,"column":8},"end":{"line":26,"column":59}},"10":{"start":{"line":6,"column":13},"end":{"line":6,"column":29}},"11":{"start":{"line":10,"column":2},"end":{"line":28,"column":null}},"12":{"start":{"line":6,"column":13},"end":{"line":29,"column":null}}},"fnMap":{"0":{"name":"(anonymous_4)","decl":{"start":{"line":7,"column":2},"end":{"line":7,"column":31}},"loc":{"start":{"line":7,"column":59},"end":{"line":7,"column":63}}},"1":{"name":"(anonymous_5)","decl":{"start":{"line":10,"column":2},"end":{"line":10,"column":14}},"loc":{"start":{"line":10,"column":59},"end":{"line":28,"column":3}}},"2":{"name":"(anonymous_6)","decl":{"start":{"line":19,"column":12},"end":{"line":19,"column":18}},"loc":{"start":{"line":19,"column":21},"end":{"line":27,"column":7}}}},"branchMap":{"0":{"loc":{"start":{"line":11,"column":4},"end":{"line":16,"column":5}},"type":"if","locations":[{"start":{"line":11,"column":4},"end":{"line":16,"column":5}}]},"1":{"loc":{"start":{"line":20,"column":8},"end":{"line":25,"column":9}},"type":"if","locations":[{"start":{"line":20,"column":8},"end":{"line":25,"column":9}}]}},"s":{"0":6,"1":6,"2":6,"3":24,"4":1,"5":0,"6":1,"7":1,"8":0,"9":1,"10":6,"11":6,"12":6},"f":{"0":24,"1":1,"2":1},"b":{"0":[0],"1":[0]}}
,"/home/maverick/Bureau/realtime-elo-ranker/apps/realtime-elo-ranker-server/src/player/player.entity.ts": {"path":"/home/maverick/Bureau/realtime-elo-ranker/apps/realtime-elo-ranker-server/src/player/player.entity.ts","statementMap":{"0":{"start":{"line":1,"column":0},"end":{"line":1,"column":65}},"1":{"start":{"line":4,"column":7},"end":{"line":13,"column":null}},"2":{"start":{"line":4,"column":13},"end":{"line":4,"column":25}},"3":{"start":{"line":6,"column":2},"end":{"line":6,"column":null}},"4":{"start":{"line":9,"column":2},"end":{"line":9,"column":null}},"5":{"start":{"line":12,"column":2},"end":{"line":12,"column":null}},"6":{"start":{"line":4,"column":13},"end":{"line":13,"column":null}}},"fnMap":{},"branchMap":{},"s":{"0":11,"1":11,"2":11,"3":11,"4":11,"5":11,"6":11},"f":{},"b":{}}
,"/home/maverick/Bureau/realtime-elo-ranker/apps/realtime-elo-ranker-server/src/player/player.module.ts": {"path":"/home/maverick/Bureau/realtime-elo-ranker/apps/realtime-elo-ranker-server/src/player/player.module.ts","statementMap":{"0":{"start":{"line":2,"column":0},"end":{"line":2,"column":40}},"1":{"start":{"line":3,"column":0},"end":{"line":3,"column":49}},"2":{"start":{"line":4,"column":0},"end":{"line":4,"column":55}},"3":{"start":{"line":5,"column":0},"end":{"line":5,"column":75}},"4":{"start":{"line":6,"column":0},"end":{"line":6,"column":48}},"5":{"start":{"line":7,"column":0},"end":{"line":7,"column":47}},"6":{"start":{"line":15,"column":7},"end":{"line":15,"column":null}},"7":{"start":{"line":15,"column":13},"end":{"line":15,"column":25}},"8":{"start":{"line":15,"column":13},"end":{"line":15,"column":null}}},"fnMap":{},"branchMap":{},"s":{"0":5,"1":5,"2":5,"3":5,"4":5,"5":5,"6":5,"7":5,"8":5},"f":{},"b":{}}
,"/home/maverick/Bureau/realtime-elo-ranker/apps/realtime-elo-ranker-server/src/player/player.service.ts": {"path":"/home/maverick/Bureau/realtime-elo-ranker/apps/realtime-elo-ranker-server/src/player/player.service.ts","statementMap":{"0":{"start":{"line":1,"column":0},"end":{"line":1,"column":44}},"1":{"start":{"line":2,"column":0},"end":{"line":2,"column":77}},"2":{"start":{"line":3,"column":0},"end":{"line":3,"column":51}},"3":{"start":{"line":4,"column":0},"end":{"line":4,"column":37}},"4":{"start":{"line":5,"column":0},"end":{"line":5,"column":47}},"5":{"start":{"line":13,"column":7},"end":{"line":66,"column":null}},"6":{"start":{"line":17,"column":53},"end":{"line":17,"column":71}},"7":{"start":{"line":18,"column":21},"end":{"line":18,"column":42}},"8":{"start":{"line":14,"column":10},"end":{"line":14,"column":33}},"9":{"start":{"line":20,"column":4},"end":{"line":20,"column":35}},"10":{"start":{"line":24,"column":4},"end":{"line":24,"column":33}},"11":{"start":{"line":25,"column":4},"end":{"line":29,"column":7}},"12":{"start":{"line":26,"column":6},"end":{"line":26,"column":76}},"13":{"start":{"line":26,"column":47},"end":{"line":26,"column":73}},"14":{"start":{"line":28,"column":6},"end":{"line":28,"column":84}},"15":{"start":{"line":33,"column":4},"end":{"line":35,"column":5}},"16":{"start":{"line":33,"column":33},"end":{"line":33,"column":44}},"17":{"start":{"line":34,"column":6},"end":{"line":34,"column":35}},"18":{"start":{"line":38,"column":8},"end":{"line":41,"column":18}},"19":{"start":{"line":39,"column":51},"end":{"line":39,"column":68}},"20":{"start":{"line":43,"column":30},"end":{"line":43,"column":67}},"21":{"start":{"line":44,"column":4},"end":{"line":44,"column":33}},"22":{"start":{"line":47,"column":28},"end":{"line":50,"column":6}},"23":{"start":{"line":52,"column":4},"end":{"line":56,"column":11}},"24":{"start":{"line":54,"column":12},"end":{"line":54,"column":71}},"25":{"start":{"line":55,"column":12},"end":{"line":55,"column":29}},"26":{"start":{"line":60,"column":4},"end":{"line":60,"column":49}},"27":{"start":{"line":60,"column":36},"end":{"line":60,"column":47}},"28":{"start":{"line":64,"column":4},"end":{"line":64,"column":61}},"29":{"start":{"line":64,"column":44},"end":{"line":64,"column":59}},"30":{"start":{"line":13,"column":13},"end":{"line":13,"column":26}},"31":{"start":{"line":13,"column":13},"end":{"line":66,"column":null}}},"fnMap":{"0":{"name":"(anonymous_4)","decl":{"start":{"line":16,"column":2},"end":{"line":16,"column":null}},"loc":{"start":{"line":18,"column":61},"end":{"line":21,"column":3}}},"1":{"name":"(anonymous_5)","decl":{"start":{"line":23,"column":10},"end":{"line":23,"column":33}},"loc":{"start":{"line":23,"column":33},"end":{"line":30,"column":3}}},"2":{"name":"(anonymous_6)","decl":{"start":{"line":25,"column":38},"end":{"line":25,"column":39}},"loc":{"start":{"line":25,"column":56},"end":{"line":27,"column":5}}},"3":{"name":"(anonymous_7)","decl":{"start":{"line":26,"column":39},"end":{"line":26,"column":40}},"loc":{"start":{"line":26,"column":47},"end":{"line":26,"column":73}}},"4":{"name":"(anonymous_8)","decl":{"start":{"line":27,"column":13},"end":{"line":27,"column":14}},"loc":{"start":{"line":27,"column":23},"end":{"line":29,"column":5}}},"5":{"name":"(anonymous_9)","decl":{"start":{"line":32,"column":2},"end":{"line":32,"column":14}},"loc":{"start":{"line":32,"column":25},"end":{"line":57,"column":3}}},"6":{"name":"(anonymous_10)","decl":{"start":{"line":33,"column":26},"end":{"line":33,"column":27}},"loc":{"start":{"line":33,"column":33},"end":{"line":33,"column":44}}},"7":{"name":"(anonymous_11)","decl":{"start":{"line":39,"column":34},"end":{"line":39,"column":35}},"loc":{"start":{"line":39,"column":51},"end":{"line":39,"column":68}}},"8":{"name":"(anonymous_12)","decl":{"start":{"line":53,"column":14},"end":{"line":53,"column":17}},"loc":{"start":{"line":53,"column":19},"end":{"line":56,"column":9}}},"9":{"name":"(anonymous_13)","decl":{"start":{"line":59,"column":2},"end":{"line":59,"column":11}},"loc":{"start":{"line":59,"column":22},"end":{"line":61,"column":3}}},"10":{"name":"(anonymous_14)","decl":{"start":{"line":60,"column":29},"end":{"line":60,"column":30}},"loc":{"start":{"line":60,"column":36},"end":{"line":60,"column":47}}},"11":{"name":"(anonymous_15)","decl":{"start":{"line":63,"column":2},"end":{"line":63,"column":15}},"loc":{"start":{"line":63,"column":15},"end":{"line":65,"column":3}}},"12":{"name":"(anonymous_16)","decl":{"start":{"line":64,"column":34},"end":{"line":64,"column":35}},"loc":{"start":{"line":64,"column":44},"end":{"line":64,"column":59}}}},"branchMap":{"0":{"loc":{"start":{"line":33,"column":4},"end":{"line":35,"column":5}},"type":"if","locations":[{"start":{"line":33,"column":4},"end":{"line":35,"column":5}}]},"1":{"loc":{"start":{"line":38,"column":8},"end":{"line":41,"column":18}},"type":"cond-expr","locations":[{"start":{"line":39,"column":14},"end":{"line":40,"column":33}},{"start":{"line":41,"column":14},"end":{"line":41,"column":18}}]}},"s":{"0":11,"1":11,"2":11,"3":11,"4":11,"5":11,"6":32,"7":32,"8":32,"9":32,"10":45,"11":45,"12":41,"13":60,"14":0,"15":3,"16":3,"17":1,"18":2,"19":2,"20":2,"21":2,"22":2,"23":2,"24":2,"25":2,"26":2,"27":2,"28":4,"29":6,"30":11,"31":11},"f":{"0":32,"1":45,"2":41,"3":60,"4":0,"5":3,"6":3,"7":2,"8":2,"9":2,"10":2,"11":4,"12":6},"b":{"0":[1],"1":[1,1]}}
,"/home/maverick/Bureau/realtime-elo-ranker/apps/realtime-elo-ranker-server/src/ranking/ranking.controller.ts": {"path":"/home/maverick/Bureau/realtime-elo-ranker/apps/realtime-elo-ranker-server/src/ranking/ranking.controller.ts","statementMap":{"0":{"start":{"line":1,"column":0},"end":{"line":1,"column":71}},"1":{"start":{"line":3,"column":0},"end":{"line":3,"column":65}},"2":{"start":{"line":4,"column":0},"end":{"line":4,"column":50}},"3":{"start":{"line":5,"column":0},"end":{"line":5,"column":77}},"4":{"start":{"line":8,"column":7},"end":{"line":30,"column":null}},"5":{"start":{"line":9,"column":31},"end":{"line":9,"column":46}},"6":{"start":{"line":9,"column":78},"end":{"line":9,"column":99}},"7":{"start":{"line":13,"column":20},"end":{"line":13,"column":54}},"8":{"start":{"line":14,"column":4},"end":{"line":14,"column":51}},"9":{"start":{"line":19,"column":4},"end":{"line":28,"column":6}},"10":{"start":{"line":21,"column":8},"end":{"line":26,"column":null}},"11":{"start":{"line":8,"column":13},"end":{"line":8,"column":30}},"12":{"start":{"line":12,"column":2},"end":{"line":15,"column":null}},"13":{"start":{"line":18,"column":2},"end":{"line":29,"column":null}},"14":{"start":{"line":8,"column":13},"end":{"line":30,"column":null}}},"fnMap":{"0":{"name":"(anonymous_4)","decl":{"start":{"line":9,"column":2},"end":{"line":9,"column":31}},"loc":{"start":{"line":9,"column":118},"end":{"line":9,"column":122}}},"1":{"name":"(anonymous_5)","decl":{"start":{"line":12,"column":2},"end":{"line":12,"column":12}},"loc":{"start":{"line":12,"column":33},"end":{"line":15,"column":3}}},"2":{"name":"(anonymous_6)","decl":{"start":{"line":18,"column":2},"end":{"line":18,"column":18}},"loc":{"start":{"line":18,"column":18},"end":{"line":29,"column":3}}},"3":{"name":"(anonymous_7)","decl":{"start":{"line":20,"column":10},"end":{"line":20,"column":11}},"loc":{"start":{"line":20,"column":29},"end":{"line":27,"column":7}}}},"branchMap":{},"s":{"0":5,"1":5,"2":5,"3":5,"4":5,"5":22,"6":22,"7":1,"8":1,"9":1,"10":1,"11":5,"12":5,"13":5,"14":5},"f":{"0":22,"1":1,"2":1,"3":1},"b":{}}
,"/home/maverick/Bureau/realtime-elo-ranker/apps/realtime-elo-ranker-server/src/ranking/ranking.module.ts": {"path":"/home/maverick/Bureau/realtime-elo-ranker/apps/realtime-elo-ranker-server/src/ranking/ranking.module.ts","statementMap":{"0":{"start":{"line":1,"column":0},"end":{"line":1,"column":40}},"1":{"start":{"line":2,"column":0},"end":{"line":2,"column":51}},"2":{"start":{"line":3,"column":0},"end":{"line":3,"column":57}},"3":{"start":{"line":4,"column":0},"end":{"line":4,"column":55}},"4":{"start":{"line":5,"column":0},"end":{"line":5,"column":75}},"5":{"start":{"line":6,"column":0},"end":{"line":6,"column":48}},"6":{"start":{"line":7,"column":0},"end":{"line":7,"column":55}},"7":{"start":{"line":15,"column":7},"end":{"line":15,"column":null}},"8":{"start":{"line":15,"column":13},"end":{"line":15,"column":26}},"9":{"start":{"line":15,"column":13},"end":{"line":15,"column":null}}},"fnMap":{},"branchMap":{},"s":{"0":4,"1":4,"2":4,"3":4,"4":4,"5":4,"6":4,"7":4,"8":4,"9":4},"f":{},"b":{}}
,"/home/maverick/Bureau/realtime-elo-ranker/apps/realtime-elo-ranker-server/src/ranking/ranking.service.ts": {"path":"/home/maverick/Bureau/realtime-elo-ranker/apps/realtime-elo-ranker-server/src/ranking/ranking.service.ts","statementMap":{"0":{"start":{"line":1,"column":0},"end":{"line":1,"column":44}},"1":{"start":{"line":2,"column":0},"end":{"line":2,"column":65}},"2":{"start":{"line":4,"column":0},"end":{"line":4,"column":77}},"3":{"start":{"line":5,"column":0},"end":{"line":5,"column":51}},"4":{"start":{"line":6,"column":0},"end":{"line":6,"column":37}},"5":{"start":{"line":7,"column":0},"end":{"line":7,"column":55}},"6":{"start":{"line":10,"column":7},"end":{"line":73,"column":null}},"7":{"start":{"line":13,"column":63},"end":{"line":13,"column":81}},"8":{"start":{"line":14,"column":23},"end":{"line":14,"column":38}},"9":{"start":{"line":14,"column":70},"end":{"line":14,"column":91}},"10":{"start":{"line":11,"column":19},"end":{"line":11,"column":26}},"11":{"start":{"line":20,"column":4},"end":{"line":20,"column":69}},"12":{"start":{"line":28,"column":4},"end":{"line":28,"column":74}},"13":{"start":{"line":32,"column":4},"end":{"line":71,"column":7}},"14":{"start":{"line":37,"column":8},"end":{"line":39,"column":9}},"15":{"start":{"line":38,"column":12},"end":{"line":38,"column":59}},"16":{"start":{"line":41,"column":31},"end":{"line":41,"column":83}},"17":{"start":{"line":42,"column":30},"end":{"line":42,"column":48}},"18":{"start":{"line":43,"column":29},"end":{"line":43,"column":49}},"19":{"start":{"line":44,"column":28},"end":{"line":44,"column":48}},"20":{"start":{"line":47,"column":8},"end":{"line":47,"column":89}},"21":{"start":{"line":48,"column":8},"end":{"line":48,"column":85}},"22":{"start":{"line":51,"column":8},"end":{"line":70,"column":11}},"23":{"start":{"line":56,"column":33},"end":{"line":56,"column":75}},"24":{"start":{"line":57,"column":32},"end":{"line":57,"column":73}},"25":{"start":{"line":58,"column":12},"end":{"line":60,"column":13}},"26":{"start":{"line":59,"column":14},"end":{"line":59,"column":46}},"27":{"start":{"line":61,"column":12},"end":{"line":63,"column":13}},"28":{"start":{"line":62,"column":14},"end":{"line":62,"column":44}},"29":{"start":{"line":66,"column":12},"end":{"line":66,"column":68}},"30":{"start":{"line":67,"column":12},"end":{"line":67,"column":67}},"31":{"start":{"line":69,"column":12},"end":{"line":69,"column":37}},"32":{"start":{"line":10,"column":13},"end":{"line":10,"column":27}},"33":{"start":{"line":10,"column":13},"end":{"line":73,"column":null}}},"fnMap":{"0":{"name":"(anonymous_4)","decl":{"start":{"line":13,"column":2},"end":{"line":13,"column":15}},"loc":{"start":{"line":14,"column":110},"end":{"line":14,"column":114}}},"1":{"name":"(anonymous_5)","decl":{"start":{"line":16,"column":10},"end":{"line":16,"column":32}},"loc":{"start":{"line":18,"column":24},"end":{"line":21,"column":3}}},"2":{"name":"(anonymous_6)","decl":{"start":{"line":23,"column":10},"end":{"line":23,"column":28}},"loc":{"start":{"line":26,"column":23},"end":{"line":29,"column":3}}},"3":{"name":"(anonymous_7)","decl":{"start":{"line":31,"column":2},"end":{"line":31,"column":15}},"loc":{"start":{"line":31,"column":34},"end":{"line":72,"column":3}}},"4":{"name":"(anonymous_8)","decl":{"start":{"line":36,"column":10},"end":{"line":36,"column":11}},"loc":{"start":{"line":36,"column":30},"end":{"line":71,"column":5}}},"5":{"name":"(anonymous_9)","decl":{"start":{"line":54,"column":16},"end":{"line":54,"column":19}},"loc":{"start":{"line":54,"column":21},"end":{"line":70,"column":9}}}},"branchMap":{"0":{"loc":{"start":{"line":37,"column":8},"end":{"line":39,"column":9}},"type":"if","locations":[{"start":{"line":37,"column":8},"end":{"line":39,"column":9}}]},"1":{"loc":{"start":{"line":37,"column":12},"end":{"line":37,"column":29}},"type":"binary-expr","locations":[{"start":{"line":37,"column":12},"end":{"line":37,"column":19}},{"start":{"line":37,"column":23},"end":{"line":37,"column":29}}]},"2":{"loc":{"start":{"line":43,"column":29},"end":{"line":43,"column":49}},"type":"cond-expr","locations":[{"start":{"line":43,"column":42},"end":{"line":43,"column":45}},{"start":{"line":43,"column":48},"end":{"line":43,"column":49}}]},"3":{"loc":{"start":{"line":44,"column":28},"end":{"line":44,"column":48}},"type":"cond-expr","locations":[{"start":{"line":44,"column":41},"end":{"line":44,"column":44}},{"start":{"line":44,"column":47},"end":{"line":44,"column":48}}]},"4":{"loc":{"start":{"line":58,"column":12},"end":{"line":60,"column":13}},"type":"if","locations":[{"start":{"line":58,"column":12},"end":{"line":60,"column":13}}]},"5":{"loc":{"start":{"line":61,"column":12},"end":{"line":63,"column":13}},"type":"if","locations":[{"start":{"line":61,"column":12},"end":{"line":63,"column":13}}]}},"s":{"0":7,"1":7,"2":7,"3":7,"4":7,"5":7,"6":7,"7":22,"8":22,"9":22,"10":22,"11":1,"12":2,"13":2,"14":2,"15":1,"16":1,"17":1,"18":1,"19":1,"20":1,"21":1,"22":1,"23":1,"24":1,"25":1,"26":1,"27":1,"28":1,"29":1,"30":1,"31":1,"32":7,"33":7},"f":{"0":22,"1":1,"2":2,"3":2,"4":2,"5":1},"b":{"0":[1],"1":[2,1],"2":[0,1],"3":[0,1],"4":[1],"5":[1]}}
}
